Using pre-set license

 COMMAND LINE ARGUMENTS:
/Applications/Unity/Hub/Editor/2020.3.16f1/Unity.app/Contents/MacOS/Unity
-adb2
-batchMode
-noUpm
-name
AssetImportWorker0
-projectPath
/Users/emreberatkr/Documents/Unity/Solitaire Clone
-logFile
Logs/AssetImportWorker0.log
-srvPort
50922
Successfully changed project path to: /Users/emreberatkr/Documents/Unity/Solitaire Clone
/Users/emreberatkr/Documents/Unity/Solitaire Clone
Using Asset Import Pipeline V2.
Refreshing native plugins compatible for Editor in 38.61 ms, found 3 plugins.
Preloading 0 native plugins for Editor in 0.00 ms.
Initialize engine version: 2020.3.16f1 (049d6eca3c44)
[Subsystems] Discovering subsystems at path /Applications/Unity/Hub/Editor/2020.3.16f1/Unity.app/Contents/Resources/UnitySubsystems
[Subsystems] Discovering subsystems at path /Users/emreberatkr/Documents/Unity/Solitaire Clone/Assets
GfxDevice: creating device client; threaded=0
2021-12-02 19:33:10.449 Unity[5126:241743] (null) preferred device: Apple M1 (high power)
2021-12-02 19:33:10.449 Unity[5126:241743] Metal devices available: 1
2021-12-02 19:33:10.449 Unity[5126:241743] 0: Apple M1 (high power)
2021-12-02 19:33:10.449 Unity[5126:241743] Using device Apple M1 (high power)
Initializing Metal device caps: Apple M1
Initialize mono
Mono path[0] = '/Applications/Unity/Hub/Editor/2020.3.16f1/Unity.app/Contents/Managed'
Mono path[1] = '/Applications/Unity/Hub/Editor/2020.3.16f1/Unity.app/Contents/MonoBleedingEdge/lib/mono/unityjit'
Mono config path = '/Applications/Unity/Hub/Editor/2020.3.16f1/Unity.app/Contents/MonoBleedingEdge/etc'
Using monoOptions --debugger-agent=transport=dt_socket,embedding=1,server=y,suspend=n,address=127.0.0.1:56126
Begin MonoManager ReloadAssembly
Registering precompiled unity dll's ...
Register platform support module: /Applications/Unity/Hub/Editor/2020.3.16f1/PlaybackEngines/WebGLSupport/UnityEditor.WebGL.Extensions.dll
Register platform support module: /Applications/Unity/Hub/Editor/2020.3.16f1/Unity.app/Contents/PlaybackEngines/MacStandaloneSupport/UnityEditor.OSXStandalone.Extensions.dll
Registered in 0.000474 seconds.
Native extension for OSXStandalone target not found
Native extension for WebGL target not found
Refreshing native plugins compatible for Editor in 40.15 ms, found 3 plugins.
Preloading 0 native plugins for Editor in 0.00 ms.
Mono: successfully reloaded assembly
- Completed reload, in  2.245 seconds
Domain Reload Profiling:
	ReloadAssembly (2245ms)
		BeginReloadAssembly (79ms)
			ExecutionOrderSort (0ms)
			DisableScriptedObjects (0ms)
			BackupInstance (0ms)
			ReleaseScriptingObjects (0ms)
			CreateAndSetChildDomain (2ms)
		EndReloadAssembly (805ms)
			LoadAssemblies (77ms)
			RebuildTransferFunctionScriptingTraits (0ms)
			SetupTypeCache (166ms)
			ReleaseScriptCaches (0ms)
			RebuildScriptCaches (38ms)
			SetupLoadedEditorAssemblies (463ms)
				LogAssemblyErrors (0ms)
				InitializePlatformSupportModulesInManaged (12ms)
				SetLoadedEditorAssemblies (0ms)
				RefreshPlugins (40ms)
				BeforeProcessingInitializeOnLoad (26ms)
				ProcessInitializeOnLoadAttributes (275ms)
				ProcessInitializeOnLoadMethodAttributes (109ms)
				AfterProcessingInitializeOnLoad (0ms)
				EditorAssembliesLoaded (1ms)
			ExecutionOrderSort2 (0ms)
			AwakeInstancesAfterBackupRestoration (0ms)
Platform modules already initialized, skipping
Registering precompiled user dll's ...
Registered in 0.002055 seconds.
Begin MonoManager ReloadAssembly
Native extension for OSXStandalone target not found
Native extension for WebGL target not found
Refreshing native plugins compatible for Editor in 46.69 ms, found 3 plugins.
Preloading 0 native plugins for Editor in 0.00 ms.
Mono: successfully reloaded assembly
- Completed reload, in  2.482 seconds
Domain Reload Profiling:
	ReloadAssembly (2483ms)
		BeginReloadAssembly (240ms)
			ExecutionOrderSort (0ms)
			DisableScriptedObjects (30ms)
			BackupInstance (0ms)
			ReleaseScriptingObjects (0ms)
			CreateAndSetChildDomain (29ms)
		EndReloadAssembly (2156ms)
			LoadAssemblies (188ms)
			RebuildTransferFunctionScriptingTraits (0ms)
			SetupTypeCache (323ms)
			ReleaseScriptCaches (0ms)
			RebuildScriptCaches (64ms)
			SetupLoadedEditorAssemblies (1267ms)
				LogAssemblyErrors (0ms)
				InitializePlatformSupportModulesInManaged (14ms)
				SetLoadedEditorAssemblies (0ms)
				RefreshPlugins (47ms)
				BeforeProcessingInitializeOnLoad (157ms)
				ProcessInitializeOnLoadAttributes (1013ms)
				ProcessInitializeOnLoadMethodAttributes (34ms)
				AfterProcessingInitializeOnLoad (1ms)
				EditorAssembliesLoaded (0ms)
			ExecutionOrderSort2 (0ms)
			AwakeInstancesAfterBackupRestoration (33ms)
Platform modules already initialized, skipping
========================================================================
Worker process is ready to serve import requests
Launching external process: /Applications/Unity/Hub/Editor/2020.3.16f1/Unity.app/Contents/Tools/UnityShaderCompiler
Launched and connected shader compiler UnityShaderCompiler after 0.03 seconds
Refreshing native plugins compatible for Editor in 0.42 ms, found 3 plugins.
Preloading 0 native plugins for Editor in 0.00 ms.
Unloading 2149 Unused Serialized files (Serialized files now loaded: 0)
System memory in use before: 209.7 MB.
System memory in use after: 209.8 MB.

Unloading 28 unused Assets to reduce memory usage. Loaded Objects now: 2587.
Total: 2.456625 ms (FindLiveObjects: 0.125250 ms CreateObjectMapping: 0.047917 ms MarkObjects: 2.197125 ms  DeleteObjects: 0.084125 ms)

AssetImportParameters requested are different than current active one (requested -> active):
  custom:video-decoder-ogg-theora: a1e56fd34408186e4bbccfd4996cb3dc -> 
  custom:container-muxer-webm: aa71ff27fc2769a1b78a27578f13a17b -> 
  custom:container-demuxer-webm: 4f35f7cbe854078d1ac9338744f61a02 -> 
  custom:container-demuxer-ogg: 62fdf1f143b41e24485cea50d1cbac27 -> 
  custom:video-encoder-webm-vp8: eb34c28f22e8b96e1ab97ce403110664 -> 
  custom:framework-osx-AVFoundation: e770b220cccbd017edd2c1fefb359320 -> 
  custom:video-decoder-webm-vp8: 9c59270c3fd7afecdb556c50c9e8de78 -> 
  custom:audio-decoder-ogg-vorbis: bf7c407c2cedff20999df2af8eb42d56 -> 
  custom:audio-encoder-webm-vorbis: bf7c407c2cedff20999df2af8eb42d56 -> 
========================================================================
Received Import Request.
  path: Assets/Prefabs/Card.prefab
  artifactKey: Guid(96dff529c0baa459f98396339106da4a) Importer(815301076,1909f56bfc062723c751e8b465ee728b)
Start importing Assets/Prefabs/Card.prefab using Guid(96dff529c0baa459f98396339106da4a) Importer(815301076,1909f56bfc062723c751e8b465ee728b)  -> (artifact id: 'f322ec22b197294338235cc7ae3c2e07') in 0.640585 seconds 
  Import took 0.644632 seconds .

========================================================================
Received Import Request.
  Time since last request: 66.204620 seconds.
  path: Assets/Sprites/Circle.png
  artifactKey: Guid(d27307863436b40feb16c0ba9569fc7f) Importer(815301076,1909f56bfc062723c751e8b465ee728b)
Start importing Assets/Sprites/Circle.png using Guid(d27307863436b40feb16c0ba9569fc7f) Importer(815301076,1909f56bfc062723c751e8b465ee728b)  -> (artifact id: '9ca1241ed9b7ebcc4d88afeedef0f1a7') in 0.512803 seconds 
  Import took 0.515569 seconds .

========================================================================
Received Import Request.
  Time since last request: 0.000166 seconds.
  path: Assets/LeanTween/Examples/Textures/Dude2d.png
  artifactKey: Guid(5f7fa9a7940a64e79b5a42d9f661d42c) Importer(815301076,1909f56bfc062723c751e8b465ee728b)
Start importing Assets/LeanTween/Examples/Textures/Dude2d.png using Guid(5f7fa9a7940a64e79b5a42d9f661d42c) Importer(815301076,1909f56bfc062723c751e8b465ee728b)  -> (artifact id: '05d32ee5673385964b9a2c75e6b9aa56') in 0.012201 seconds 
  Import took 0.014608 seconds .

========================================================================
Received Import Request.
  Time since last request: 0.000215 seconds.
  path: Assets/LeanTween/Examples/Material/Futoro_Ring.psd
  artifactKey: Guid(ef31bc3f46d6047b29ff513e55daf05b) Importer(815301076,1909f56bfc062723c751e8b465ee728b)
Start importing Assets/LeanTween/Examples/Material/Futoro_Ring.psd using Guid(ef31bc3f46d6047b29ff513e55daf05b) Importer(815301076,1909f56bfc062723c751e8b465ee728b)  -> (artifact id: '8f350b6ca8d8f466fe6c3de155ec8740') in 0.342962 seconds 
  Import took 0.345632 seconds .

========================================================================
Received Import Request.
  Time since last request: 0.000192 seconds.
  path: Assets/Sprites/Game Mode Previews.png
  artifactKey: Guid(7b52ffd28828544b0b7885ac4dd7f7e6) Importer(815301076,1909f56bfc062723c751e8b465ee728b)
Start importing Assets/Sprites/Game Mode Previews.png using Guid(7b52ffd28828544b0b7885ac4dd7f7e6) Importer(815301076,1909f56bfc062723c751e8b465ee728b)  -> (artifact id: '2146ae206b0ab229aa54d498edf31a73') in 0.016283 seconds 
  Import took 0.018837 seconds .

========================================================================
Received Import Request.
  Time since last request: 0.000233 seconds.
  path: Assets/Sprites/Card Types.png
  artifactKey: Guid(5e34690714e544d048a3408cc651364f) Importer(815301076,1909f56bfc062723c751e8b465ee728b)
Start importing Assets/Sprites/Card Types.png using Guid(5e34690714e544d048a3408cc651364f) Importer(815301076,1909f56bfc062723c751e8b465ee728b)  -> (artifact id: 'b8831a5a03f3a5b793ec33d2a9b6d165') in 0.049827 seconds 
  Import took 0.052561 seconds .

========================================================================
Received Import Request.
  Time since last request: 0.000149 seconds.
  path: Assets/Sprites/Circle.png
  artifactKey: Guid(d27307863436b40feb16c0ba9569fc7f) Importer(815301076,1909f56bfc062723c751e8b465ee728b)
Start importing Assets/Sprites/Circle.png using Guid(d27307863436b40feb16c0ba9569fc7f) Importer(815301076,1909f56bfc062723c751e8b465ee728b)  -> (artifact id: '9ca1241ed9b7ebcc4d88afeedef0f1a7') in 0.009402 seconds 
  Import took 0.011624 seconds .

========================================================================
Received Import Request.
  Time since last request: 0.000251 seconds.
  path: Assets/Sprites/Buttons.png
  artifactKey: Guid(9efac1e3924bd428db66c6df4d6e38e3) Importer(815301076,1909f56bfc062723c751e8b465ee728b)
Start importing Assets/Sprites/Buttons.png using Guid(9efac1e3924bd428db66c6df4d6e38e3) Importer(815301076,1909f56bfc062723c751e8b465ee728b)  -> (artifact id: '057f016b2ee9d2fd1d29c0663dfd2007') in 0.017327 seconds 
  Import took 0.019621 seconds .

========================================================================
Received Import Request.
  Time since last request: 0.000173 seconds.
  path: Assets/Sprites/Fold.png
  artifactKey: Guid(dcae76696ec4e4a599e269ba2c9d483d) Importer(815301076,1909f56bfc062723c751e8b465ee728b)
Start importing Assets/Sprites/Fold.png using Guid(dcae76696ec4e4a599e269ba2c9d483d) Importer(815301076,1909f56bfc062723c751e8b465ee728b)  -> (artifact id: '5003385d1d565420cc1b5ce5ed98f79b') in 0.009288 seconds 
  Import took 0.011440 seconds .

========================================================================
Received Import Request.
  Time since last request: 0.000182 seconds.
  path: Assets/LeanTween/Examples/Textures/DustCloud.png
  artifactKey: Guid(c4c548a339b4d41a590928c0c98934a7) Importer(815301076,1909f56bfc062723c751e8b465ee728b)
Start importing Assets/LeanTween/Examples/Textures/DustCloud.png using Guid(c4c548a339b4d41a590928c0c98934a7) Importer(815301076,1909f56bfc062723c751e8b465ee728b)  -> (artifact id: 'db4041996e677c7ac60f5ee5e45a525b') in 0.012289 seconds 
  Import took 0.014607 seconds .

========================================================================
Received Import Request.
  Time since last request: 1.220671 seconds.
  path: Assets/LeanTween/Examples/Material/Futuro_Bar.psd
  artifactKey: Guid(492b9988436bd45049a9a6bc52ac8fb0) Importer(815301076,1909f56bfc062723c751e8b465ee728b)
Start importing Assets/LeanTween/Examples/Material/Futuro_Bar.psd using Guid(492b9988436bd45049a9a6bc52ac8fb0) Importer(815301076,1909f56bfc062723c751e8b465ee728b)  -> (artifact id: '2feffbf04684ee1ded65e57a5a6066b7') in 0.017705 seconds 
  Import took 0.021621 seconds .

========================================================================
Received Import Request.
  Time since last request: 0.000243 seconds.
  path: Assets/LeanTween/Examples/Material/Futuro_ButtonBack.psd
  artifactKey: Guid(b3abce7efa3854a4cb1dd6b47f553027) Importer(815301076,1909f56bfc062723c751e8b465ee728b)
Start importing Assets/LeanTween/Examples/Material/Futuro_ButtonBack.psd using Guid(b3abce7efa3854a4cb1dd6b47f553027) Importer(815301076,1909f56bfc062723c751e8b465ee728b)  -> (artifact id: 'f6f2cc98bcd930c77e64297d58a875af') in 0.012478 seconds 
  Import took 0.015536 seconds .

========================================================================
Received Import Request.
  Time since last request: 0.359271 seconds.
  path: Assets/LeanTween/Examples/Material/Futuro_ButtonBackDark.psd
  artifactKey: Guid(b8aaa707027cc4f79af3439c5dbc9652) Importer(815301076,1909f56bfc062723c751e8b465ee728b)
Start importing Assets/LeanTween/Examples/Material/Futuro_ButtonBackDark.psd using Guid(b8aaa707027cc4f79af3439c5dbc9652) Importer(815301076,1909f56bfc062723c751e8b465ee728b)  -> (artifact id: 'b2748103c161894f9031c392b6a106f3') in 0.013562 seconds 
  Import took 0.017449 seconds .

========================================================================
Received Import Request.
  Time since last request: 0.000251 seconds.
  path: Assets/LeanTween/Examples/Material/Futuro_SineWave.psd
  artifactKey: Guid(d835741a3c4a14a0aa5f7536c46456c4) Importer(815301076,1909f56bfc062723c751e8b465ee728b)
Start importing Assets/LeanTween/Examples/Material/Futuro_SineWave.psd using Guid(d835741a3c4a14a0aa5f7536c46456c4) Importer(815301076,1909f56bfc062723c751e8b465ee728b)  -> (artifact id: 'da992a4e03fa17891adda6e82b4f998a') in 0.011098 seconds 
  Import took 0.014107 seconds .

========================================================================
Received Import Request.
  Time since last request: 0.415506 seconds.
  path: Assets/LeanTween/Examples/Material/Futuro_WindowBack.psd
  artifactKey: Guid(678c92572cc724845a460c87117f5353) Importer(815301076,1909f56bfc062723c751e8b465ee728b)
Start importing Assets/LeanTween/Examples/Material/Futuro_WindowBack.psd using Guid(678c92572cc724845a460c87117f5353) Importer(815301076,1909f56bfc062723c751e8b465ee728b)  -> (artifact id: 'eb8db650ae5b335d291383e2410f2786') in 0.015604 seconds 
  Import took 0.019423 seconds .

========================================================================
Received Import Request.
  Time since last request: 2.620146 seconds.
  path: Assets/LeanTween/Examples/Textures/PowerUpStar.png
  artifactKey: Guid(70141d51621e24facbca9196bbde84b4) Importer(815301076,1909f56bfc062723c751e8b465ee728b)
Start importing Assets/LeanTween/Examples/Textures/PowerUpStar.png using Guid(70141d51621e24facbca9196bbde84b4) Importer(815301076,1909f56bfc062723c751e8b465ee728b)  -> (artifact id: '30dbcbe5d063bfc8d5e8e957a1ebbe8b') in 0.016465 seconds 
  Import took 0.020053 seconds .

========================================================================
Received Import Request.
  Time since last request: 1.857298 seconds.
  path: Assets/Sprites/Reset Icon.png
  artifactKey: Guid(bf9f06160a37447fb95578750a1d3e0e) Importer(815301076,1909f56bfc062723c751e8b465ee728b)
Start importing Assets/Sprites/Reset Icon.png using Guid(bf9f06160a37447fb95578750a1d3e0e) Importer(815301076,1909f56bfc062723c751e8b465ee728b)  -> (artifact id: '1713d09015fb54bc9012b627411ab63f') in 0.020842 seconds 
  Import took 0.024412 seconds .

========================================================================
Received Import Request.
  Time since last request: 0.430501 seconds.
  path: Assets/Sprites/Sound Toggle.png
  artifactKey: Guid(e5ef8ba623dab4b5981f8738f72ee4c0) Importer(815301076,1909f56bfc062723c751e8b465ee728b)
Start importing Assets/Sprites/Sound Toggle.png using Guid(e5ef8ba623dab4b5981f8738f72ee4c0) Importer(815301076,1909f56bfc062723c751e8b465ee728b)  -> (artifact id: '3e68997ce38b382f30dc283b06949603') in 0.020808 seconds 
  Import took 0.024563 seconds .

========================================================================
Received Import Request.
  Time since last request: 0.003778 seconds.
  path: Assets/Sprites/Sound Toggle.png
  artifactKey: Guid(e5ef8ba623dab4b5981f8738f72ee4c0) Importer(815301076,1909f56bfc062723c751e8b465ee728b)
Start importing Assets/Sprites/Sound Toggle.png using Guid(e5ef8ba623dab4b5981f8738f72ee4c0) Importer(815301076,1909f56bfc062723c751e8b465ee728b)  -> (artifact id: '3e68997ce38b382f30dc283b06949603') in 0.013522 seconds 
  Import took 0.016244 seconds .

========================================================================
Received Import Request.
  Time since last request: 2.174054 seconds.
  path: Assets/LeanTween/Examples/Material/Futoro_PersonSprites.jpg
  artifactKey: Guid(cea2c9bf87b0c4dfdafb697a3ff00959) Importer(815301076,1909f56bfc062723c751e8b465ee728b)
Start importing Assets/LeanTween/Examples/Material/Futoro_PersonSprites.jpg using Guid(cea2c9bf87b0c4dfdafb697a3ff00959) Importer(815301076,1909f56bfc062723c751e8b465ee728b)  -> (artifact id: '03a63c1e1127f380f48ef242908a9413') in 0.383727 seconds 
  Import took 0.386602 seconds .

========================================================================
Received Import Request.
  Time since last request: 639.092847 seconds.
  path: Assets/Sprites/Card Back Sprite.png
  artifactKey: Guid(54206e79e354a4da78525c1989fb47ae) Importer(815301076,1909f56bfc062723c751e8b465ee728b)
Start importing Assets/Sprites/Card Back Sprite.png using Guid(54206e79e354a4da78525c1989fb47ae) Importer(815301076,1909f56bfc062723c751e8b465ee728b)  -> (artifact id: '30e8f95269fa66b2b223746ca8173a57') in 0.011561 seconds 
  Import took 0.015103 seconds .

========================================================================
Received Import Request.
  Time since last request: 0.000191 seconds.
  path: Assets/Sprites/Card Front Sprite.png
  artifactKey: Guid(81b363877cbe64dd6a5465b0badea658) Importer(815301076,1909f56bfc062723c751e8b465ee728b)
Start importing Assets/Sprites/Card Front Sprite.png using Guid(81b363877cbe64dd6a5465b0badea658) Importer(815301076,1909f56bfc062723c751e8b465ee728b)  -> (artifact id: 'd7a3e311409636403ad0130596b8c574') in 0.009772 seconds 
  Import took 0.012009 seconds .

========================================================================
Received Import Request.
  Time since last request: 588.470126 seconds.
  path: Assets/Scripts/Card.cs
  artifactKey: Guid(b458d25462d2d421197d1e4f8306bafa) Importer(815301076,1909f56bfc062723c751e8b465ee728b)
Start importing Assets/Scripts/Card.cs using Guid(b458d25462d2d421197d1e4f8306bafa) Importer(815301076,1909f56bfc062723c751e8b465ee728b)  -> (artifact id: '90d4a4302c28a4a01ce91716adeb4518') in 0.075297 seconds 
  Import took 0.078279 seconds .

========================================================================
Received Import Request.
  Time since last request: 0.302200 seconds.
  path: Assets/Scripts/CardController.cs
  artifactKey: Guid(8af638c2c0c5745e3b532c005eaae602) Importer(815301076,1909f56bfc062723c751e8b465ee728b)
Start importing Assets/Scripts/CardController.cs using Guid(8af638c2c0c5745e3b532c005eaae602) Importer(815301076,1909f56bfc062723c751e8b465ee728b)  -> (artifact id: '9fed6f0e61747463a57bba2f2e4a7e72') in 0.002712 seconds 
  Import took 0.006728 seconds .

========================================================================
Received Import Request.
  Time since last request: 0.001333 seconds.
  path: Assets/Scripts/CardController.cs
  artifactKey: Guid(8af638c2c0c5745e3b532c005eaae602) Importer(815301076,1909f56bfc062723c751e8b465ee728b)
Start importing Assets/Scripts/CardController.cs using Guid(8af638c2c0c5745e3b532c005eaae602) Importer(815301076,1909f56bfc062723c751e8b465ee728b)  -> (artifact id: '9fed6f0e61747463a57bba2f2e4a7e72') in 0.002282 seconds 
  Import took 0.005324 seconds .

========================================================================
Received Import Request.
  Time since last request: 3.466142 seconds.
  path: Assets/Scripts/CardMovement.cs
  artifactKey: Guid(f8e237409d1b647dd904b4a7ba7fb1b4) Importer(815301076,1909f56bfc062723c751e8b465ee728b)
Start importing Assets/Scripts/CardMovement.cs using Guid(f8e237409d1b647dd904b4a7ba7fb1b4) Importer(815301076,1909f56bfc062723c751e8b465ee728b)  -> (artifact id: 'bfbf054646856588f60825d2c04108e2') in 0.002896 seconds 
  Import took 0.006677 seconds .

